<?xml version="1.0" encoding="UTF-8"?>
<coverage generated="1747562831186" clover="3.2.0">
  <project timestamp="1747562831186" name="All files">
    <metrics statements="72" coveredstatements="70" conditionals="16" coveredconditionals="11" methods="28" coveredmethods="28" elements="116" coveredelements="109" complexity="0" loc="72" ncloc="72" packages="5" files="5" classes="5"/>
    <package name="src">
      <metrics statements="7" coveredstatements="7" conditionals="0" coveredconditionals="0" methods="0" coveredmethods="0"/>
      <file name="firebase.ts" path="C:\Eman\react-Tasks\task2\task2react+typescript\Bost-plog-main (1)\task2_react+Ts\src\firebase.ts">
        <metrics statements="7" coveredstatements="7" conditionals="0" coveredconditionals="0" methods="0" coveredmethods="0"/>
        <line num="1" count="2" type="stmt"/>
        <line num="2" count="2" type="stmt"/>
        <line num="3" count="2" type="stmt"/>
        <line num="5" count="2" type="stmt"/>
        <line num="16" count="2" type="stmt"/>
        <line num="19" count="2" type="stmt"/>
        <line num="22" count="2" type="stmt"/>
      </file>
    </package>
    <package name="src.Components.FirebaseRequestsAndtest">
      <metrics statements="27" coveredstatements="25" conditionals="3" coveredconditionals="1" methods="11" coveredmethods="11"/>
      <file name="PostRequestsFirebase.tsx" path="C:\Eman\react-Tasks\task2\task2react+typescript\Bost-plog-main (1)\task2_react+Ts\src\Components\FirebaseRequestsAndtest\PostRequestsFirebase.tsx">
        <metrics statements="27" coveredstatements="25" conditionals="3" coveredconditionals="1" methods="11" coveredmethods="11"/>
        <line num="1" count="2" type="stmt"/>
        <line num="2" count="2" type="stmt"/>
        <line num="3" count="2" type="stmt"/>
        <line num="6" count="2" type="stmt"/>
        <line num="7" count="1" type="stmt"/>
        <line num="8" count="1" type="stmt"/>
        <line num="9" count="1" type="stmt"/>
        <line num="12" count="2" type="stmt"/>
        <line num="13" count="1" type="stmt"/>
        <line num="14" count="1" type="stmt"/>
        <line num="15" count="1" type="stmt"/>
        <line num="16" count="1" type="cond" truecount="0" falsecount="1"/>
        <line num="17" count="2" type="stmt"/>
        <line num="20" count="0" type="stmt"/>
        <line num="26" count="2" type="stmt"/>
        <line num="27" count="1" type="stmt"/>
        <line num="28" count="1" type="stmt"/>
        <line num="31" count="2" type="stmt"/>
        <line num="33" count="1" type="stmt"/>
        <line num="34" count="1" type="stmt"/>
        <line num="35" count="1" type="stmt"/>
        <line num="39" count="2" type="stmt"/>
        <line num="40" count="1" type="stmt"/>
        <line num="41" count="1" type="stmt"/>
        <line num="42" count="1" type="cond" truecount="1" falsecount="1"/>
        <line num="43" count="1" type="stmt"/>
        <line num="46" count="0" type="stmt"/>
      </file>
    </package>
    <package name="src.Components.PostForm">
      <metrics statements="5" coveredstatements="5" conditionals="2" coveredconditionals="2" methods="3" coveredmethods="3"/>
      <file name="PostForm.tsx" path="C:\Eman\react-Tasks\task2\task2react+typescript\Bost-plog-main (1)\task2_react+Ts\src\Components\PostForm\PostForm.tsx">
        <metrics statements="5" coveredstatements="5" conditionals="2" coveredconditionals="2" methods="3" coveredmethods="3"/>
        <line num="1" count="1" type="stmt"/>
        <line num="4" count="1" type="stmt"/>
        <line num="12" count="5" type="stmt"/>
        <line num="21" count="1" type="stmt"/>
        <line num="31" count="1" type="stmt"/>
      </file>
    </package>
    <package name="src.redux.AuthSliceAndtest">
      <metrics statements="10" coveredstatements="10" conditionals="2" coveredconditionals="1" methods="2" coveredmethods="2"/>
      <file name="authSlice.tsx" path="C:\Eman\react-Tasks\task2\task2react+typescript\Bost-plog-main (1)\task2_react+Ts\src\redux\AuthSliceAndtest\authSlice.tsx">
        <metrics statements="10" coveredstatements="10" conditionals="2" coveredconditionals="1" methods="2" coveredmethods="2"/>
        <line num="1" count="1" type="stmt"/>
        <line num="3" count="1" type="stmt"/>
        <line num="4" count="1" type="stmt"/>
        <line num="8" count="1" type="stmt"/>
        <line num="13" count="1" type="stmt"/>
        <line num="14" count="1" type="stmt"/>
        <line num="18" count="1" type="stmt"/>
        <line num="19" count="1" type="stmt"/>
        <line num="24" count="1" type="stmt"/>
        <line num="25" count="1" type="stmt"/>
      </file>
    </package>
    <package name="src.redux.PostSliceAndtest">
      <metrics statements="23" coveredstatements="23" conditionals="9" coveredconditionals="7" methods="12" coveredmethods="12"/>
      <file name="postSlice.tsx" path="C:\Eman\react-Tasks\task2\task2react+typescript\Bost-plog-main (1)\task2_react+Ts\src\redux\PostSliceAndtest\postSlice.tsx">
        <metrics statements="23" coveredstatements="23" conditionals="9" coveredconditionals="7" methods="12" coveredmethods="12"/>
        <line num="1" count="1" type="stmt"/>
        <line num="2" count="1" type="stmt"/>
        <line num="6" count="1" type="stmt"/>
        <line num="13" count="1" type="stmt"/>
        <line num="18" count="1" type="stmt"/>
        <line num="20" count="1" type="stmt"/>
        <line num="23" count="1" type="stmt"/>
        <line num="24" count="1" type="stmt"/>
        <line num="29" count="1" type="stmt"/>
        <line num="30" count="1" type="stmt"/>
        <line num="34" count="1" type="stmt"/>
        <line num="35" count="1" type="cond" truecount="3" falsecount="1"/>
        <line num="39" count="2" type="stmt"/>
        <line num="43" count="1" type="stmt"/>
        <line num="44" count="1" type="cond" truecount="1" falsecount="0"/>
        <line num="45" count="1" type="stmt"/>
        <line num="50" count="1" type="stmt"/>
        <line num="51" count="1" type="stmt"/>
        <line num="54" count="1" type="stmt"/>
        <line num="55" count="1" type="stmt"/>
        <line num="58" count="1" type="stmt"/>
        <line num="59" count="1" type="cond" truecount="3" falsecount="1"/>
        <line num="64" count="1" type="stmt"/>
      </file>
    </package>
  </project>
</coverage>
