{"C:\\Eman\\react-Tasks\\task2\\task2react+typescript\\Bost-plog-main (1)\\task2_react+Ts\\src\\firebase.ts": {"path":"C:\\Eman\\react-Tasks\\task2\\task2react+typescript\\Bost-plog-main (1)\\task2_react+Ts\\src\\firebase.ts","statementMap":{"0":{"start":{"line":1,"column":0},"end":{"line":1,"column":45}},"1":{"start":{"line":2,"column":0},"end":{"line":2,"column":40}},"2":{"start":{"line":3,"column":0},"end":{"line":3,"column":48}},"3":{"start":{"line":5,"column":23},"end":{"line":13,"column":2}},"4":{"start":{"line":16,"column":12},"end":{"line":16,"column":41}},"5":{"start":{"line":19,"column":13},"end":{"line":19,"column":33}},"6":{"start":{"line":22,"column":13},"end":{"line":22,"column":49}}},"fnMap":{},"branchMap":{},"s":{"0":2,"1":2,"2":2,"3":2,"4":2,"5":2,"6":2},"f":{},"b":{}}
,"C:\\Eman\\react-Tasks\\task2\\task2react+typescript\\Bost-plog-main (1)\\task2_react+Ts\\src\\Components\\FirebaseRequestsAndtest\\PostRequestsFirebase.tsx": {"path":"C:\\Eman\\react-Tasks\\task2\\task2react+typescript\\Bost-plog-main (1)\\task2_react+Ts\\src\\Components\\FirebaseRequestsAndtest\\PostRequestsFirebase.tsx","statementMap":{"0":{"start":{"line":1,"column":0},"end":{"line":1,"column":67}},"1":{"start":{"line":2,"column":0},"end":{"line":2,"column":50}},"2":{"start":{"line":3,"column":0},"end":{"line":3,"column":50}},"3":{"start":{"line":6,"column":13},"end":{"line":10,"column":5}},"4":{"start":{"line":6,"column":77},"end":{"line":10,"column":4}},"5":{"start":{"line":7,"column":19},"end":{"line":7,"column":55}},"6":{"start":{"line":8,"column":4},"end":{"line":8,"column":31}},"7":{"start":{"line":9,"column":4},"end":{"line":9,"column":40}},"8":{"start":{"line":12,"column":13},"end":{"line":23,"column":3}},"9":{"start":{"line":12,"column":88},"end":{"line":23,"column":2}},"10":{"start":{"line":13,"column":2},"end":{"line":21,"column":3}},"11":{"start":{"line":14,"column":22},"end":{"line":14,"column":63}},"12":{"start":{"line":15,"column":16},"end":{"line":15,"column":30}},"13":{"start":{"line":16,"column":2},"end":{"line":16,"column":24}},"14":{"start":{"line":16,"column":14},"end":{"line":16,"column":24}},"15":{"start":{"line":17,"column":2},"end":{"line":17,"column":78}},"16":{"start":{"line":17,"column":50},"end":{"line":17,"column":76}},"17":{"start":{"line":20,"column":4},"end":{"line":20,"column":null}},"18":{"start":{"line":26,"column":15},"end":{"line":29,"column":5}},"19":{"start":{"line":26,"column":85},"end":{"line":29,"column":4}},"20":{"start":{"line":27,"column":4},"end":{"line":27,"column":55}},"21":{"start":{"line":28,"column":4},"end":{"line":28,"column":14}},"22":{"start":{"line":31,"column":15},"end":{"line":37,"column":4}},"23":{"start":{"line":33,"column":63},"end":{"line":36,"column":null}},"24":{"start":{"line":34,"column":6},"end":{"line":34,"column":70}},"25":{"start":{"line":35,"column":6},"end":{"line":35,"column":36}},"26":{"start":{"line":39,"column":15},"end":{"line":49,"column":null}},"27":{"start":{"line":40,"column":26},"end":{"line":48,"column":null}},"28":{"start":{"line":41,"column":26},"end":{"line":41,"column":72}},"29":{"start":{"line":42,"column":10},"end":{"line":47,"column":11}},"30":{"start":{"line":43,"column":14},"end":{"line":43,"column":42}},"31":{"start":{"line":46,"column":14},"end":{"line":46,"column":null}}},"fnMap":{"0":{"name":"(anonymous_7)","decl":{"start":{"line":6,"column":57},"end":{"line":6,"column":64}},"loc":{"start":{"line":6,"column":77},"end":{"line":10,"column":4}}},"1":{"name":"(anonymous_8)","decl":{"start":{"line":6,"column":77},"end":{"line":6,"column":null}},"loc":{"start":{"line":6,"column":77},"end":{"line":10,"column":3}}},"2":{"name":"(anonymous_9)","decl":{"start":{"line":12,"column":67},"end":{"line":12,"column":74}},"loc":{"start":{"line":12,"column":88},"end":{"line":23,"column":2}}},"3":{"name":"(anonymous_10)","decl":{"start":{"line":12,"column":88},"end":{"line":12,"column":null}},"loc":{"start":{"line":12,"column":88},"end":{"line":23,"column":1}}},"4":{"name":"(anonymous_11)","decl":{"start":{"line":17,"column":35},"end":{"line":17,"column":36}},"loc":{"start":{"line":17,"column":50},"end":{"line":17,"column":76}}},"5":{"name":"(anonymous_12)","decl":{"start":{"line":26,"column":65},"end":{"line":26,"column":72}},"loc":{"start":{"line":26,"column":85},"end":{"line":29,"column":4}}},"6":{"name":"(anonymous_13)","decl":{"start":{"line":26,"column":85},"end":{"line":26,"column":null}},"loc":{"start":{"line":26,"column":85},"end":{"line":29,"column":3}}},"7":{"name":"(anonymous_14)","decl":{"start":{"line":33,"column":4},"end":{"line":33,"column":11}},"loc":{"start":{"line":33,"column":63},"end":{"line":36,"column":null}}},"8":{"name":"(anonymous_15)","decl":{"start":{"line":33,"column":63},"end":{"line":33,"column":null}},"loc":{"start":{"line":33,"column":59},"end":{"line":36,"column":5}}},"9":{"name":"(anonymous_16)","decl":{"start":{"line":40,"column":6},"end":{"line":40,"column":13}},"loc":{"start":{"line":40,"column":26},"end":{"line":48,"column":null}}},"10":{"name":"(anonymous_17)","decl":{"start":{"line":40,"column":26},"end":{"line":40,"column":null}},"loc":{"start":{"line":40,"column":26},"end":{"line":48,"column":7}}}},"branchMap":{"0":{"loc":{"start":{"line":16,"column":2},"end":{"line":16,"column":24}},"type":"if","locations":[{"start":{"line":16,"column":2},"end":{"line":16,"column":24}}]},"1":{"loc":{"start":{"line":42,"column":10},"end":{"line":47,"column":11}},"type":"if","locations":[{"start":{"line":42,"column":10},"end":{"line":47,"column":11}},{"start":{"line":45,"column":15},"end":{"line":47,"column":11}}]}},"s":{"0":2,"1":2,"2":2,"3":2,"4":1,"5":1,"6":1,"7":1,"8":2,"9":1,"10":1,"11":1,"12":1,"13":1,"14":0,"15":1,"16":2,"17":0,"18":2,"19":1,"20":1,"21":1,"22":2,"23":1,"24":1,"25":1,"26":2,"27":1,"28":1,"29":1,"30":1,"31":0},"f":{"0":1,"1":1,"2":1,"3":1,"4":2,"5":1,"6":1,"7":1,"8":1,"9":1,"10":1},"b":{"0":[0],"1":[1,0]}}
,"C:\\Eman\\react-Tasks\\task2\\task2react+typescript\\Bost-plog-main (1)\\task2_react+Ts\\src\\Components\\PostForm\\PostForm.tsx": {"path":"C:\\Eman\\react-Tasks\\task2\\task2react+typescript\\Bost-plog-main (1)\\task2_react+Ts\\src\\Components\\PostForm\\PostForm.tsx","statementMap":{"0":{"start":{"line":4,"column":0},"end":{"line":4,"column":24}},"1":{"start":{"line":1,"column":0},"end":{"line":1,"column":24}},"2":{"start":{"line":12,"column":2},"end":{"line":42,"column":4}},"3":{"start":{"line":21,"column":27},"end":{"line":21,"column":51}},"4":{"start":{"line":31,"column":27},"end":{"line":31,"column":53}}},"fnMap":{"0":{"name":"PostForm","decl":{"start":{"line":4,"column":24},"end":{"line":4,"column":32}},"loc":{"start":{"line":11,"column":15},"end":{"line":43,"column":1}}},"1":{"name":"(anonymous_1)","decl":{"start":{"line":21,"column":20},"end":{"line":21,"column":21}},"loc":{"start":{"line":21,"column":27},"end":{"line":21,"column":51}}},"2":{"name":"(anonymous_2)","decl":{"start":{"line":31,"column":20},"end":{"line":31,"column":21}},"loc":{"start":{"line":31,"column":27},"end":{"line":31,"column":53}}}},"branchMap":{"0":{"loc":{"start":{"line":38,"column":11},"end":{"line":38,"column":50}},"type":"cond-expr","locations":[{"start":{"line":38,"column":26},"end":{"line":38,"column":37}},{"start":{"line":38,"column":40},"end":{"line":38,"column":50}}]}},"s":{"0":1,"1":1,"2":5,"3":1,"4":1},"f":{"0":5,"1":1,"2":1},"b":{"0":[1,4]}}
,"C:\\Eman\\react-Tasks\\task2\\task2react+typescript\\Bost-plog-main (1)\\task2_react+Ts\\src\\redux\\AuthSliceAndtest\\authSlice.tsx": {"path":"C:\\Eman\\react-Tasks\\task2\\task2react+typescript\\Bost-plog-main (1)\\task2_react+Ts\\src\\redux\\AuthSliceAndtest\\authSlice.tsx","statementMap":{"0":{"start":{"line":1,"column":0},"end":{"line":1,"column":47}},"1":{"start":{"line":3,"column":20},"end":{"line":3,"column":48}},"2":{"start":{"line":4,"column":21},"end":{"line":6,"column":2}},"3":{"start":{"line":8,"column":18},"end":{"line":22,"column":2}},"4":{"start":{"line":13,"column":6},"end":{"line":13,"column":34}},"5":{"start":{"line":14,"column":6},"end":{"line":14,"column":67}},"6":{"start":{"line":18,"column":6},"end":{"line":18,"column":24}},"7":{"start":{"line":19,"column":6},"end":{"line":19,"column":38}},"8":{"start":{"line":24,"column":13},"end":{"line":24,"column":40}},"9":{"start":{"line":25,"column":0},"end":{"line":25,"column":33}}},"fnMap":{"0":{"name":"(anonymous_0)","decl":{"start":{"line":12,"column":18},"end":{"line":12,"column":19}},"loc":{"start":{"line":12,"column":36},"end":{"line":16,"column":5}}},"1":{"name":"(anonymous_1)","decl":{"start":{"line":17,"column":12},"end":{"line":17,"column":13}},"loc":{"start":{"line":17,"column":22},"end":{"line":20,"column":5}}}},"branchMap":{"0":{"loc":{"start":{"line":5,"column":8},"end":{"line":5,"column":53}},"type":"cond-expr","locations":[{"start":{"line":5,"column":23},"end":{"line":5,"column":48}},{"start":{"line":5,"column":49},"end":{"line":5,"column":53}}]}},"s":{"0":1,"1":1,"2":1,"3":1,"4":1,"5":1,"6":1,"7":1,"8":1,"9":1},"f":{"0":1,"1":1},"b":{"0":[0,1]}}
,"C:\\Eman\\react-Tasks\\task2\\task2react+typescript\\Bost-plog-main (1)\\task2_react+Ts\\src\\redux\\PostSliceAndtest\\postSlice.tsx": {"path":"C:\\Eman\\react-Tasks\\task2\\task2react+typescript\\Bost-plog-main (1)\\task2_react+Ts\\src\\redux\\PostSliceAndtest\\postSlice.tsx","statementMap":{"0":{"start":{"line":1,"column":0},"end":{"line":1,"column":47}},"1":{"start":{"line":2,"column":0},"end":{"line":2,"column":132}},"2":{"start":{"line":6,"column":33},"end":{"line":11,"column":null}},"3":{"start":{"line":13,"column":18},"end":{"line":62,"column":2}},"4":{"start":{"line":18,"column":4},"end":{"line":60,"column":null}},"5":{"start":{"line":20,"column":8},"end":{"line":20,"column":40}},"6":{"start":{"line":23,"column":8},"end":{"line":23,"column":36}},"7":{"start":{"line":24,"column":8},"end":{"line":24,"column":30}},"8":{"start":{"line":29,"column":8},"end":{"line":29,"column":29}},"9":{"start":{"line":30,"column":8},"end":{"line":30,"column":27}},"10":{"start":{"line":34,"column":8},"end":{"line":34,"column":30}},"11":{"start":{"line":35,"column":8},"end":{"line":35,"column":53}},"12":{"start":{"line":39,"column":8},"end":{"line":39,"column":71}},"13":{"start":{"line":39,"column":46},"end":{"line":39,"column":69}},"14":{"start":{"line":43,"column":22},"end":{"line":43,"column":77}},"15":{"start":{"line":43,"column":50},"end":{"line":43,"column":76}},"16":{"start":{"line":44,"column":8},"end":{"line":46,"column":9}},"17":{"start":{"line":45,"column":10},"end":{"line":45,"column":45}},"18":{"start":{"line":50,"column":8},"end":{"line":50,"column":29}},"19":{"start":{"line":51,"column":8},"end":{"line":51,"column":27}},"20":{"start":{"line":54,"column":8},"end":{"line":54,"column":30}},"21":{"start":{"line":55,"column":8},"end":{"line":55,"column":44}},"22":{"start":{"line":58,"column":8},"end":{"line":58,"column":30}},"23":{"start":{"line":59,"column":8},"end":{"line":59,"column":52}},"24":{"start":{"line":64,"column":0},"end":{"line":64,"column":33}}},"fnMap":{"0":{"name":"(anonymous_0)","decl":{"start":{"line":17,"column":17},"end":{"line":17,"column":18}},"loc":{"start":{"line":17,"column":29},"end":{"line":61,"column":3}}},"1":{"name":"(anonymous_1)","decl":{"start":{"line":19,"column":34},"end":{"line":19,"column":35}},"loc":{"start":{"line":19,"column":52},"end":{"line":21,"column":7}}},"2":{"name":"(anonymous_2)","decl":{"start":{"line":22,"column":35},"end":{"line":22,"column":36}},"loc":{"start":{"line":22,"column":53},"end":{"line":27,"column":7}}},"3":{"name":"(anonymous_3)","decl":{"start":{"line":28,"column":33},"end":{"line":28,"column":34}},"loc":{"start":{"line":28,"column":43},"end":{"line":31,"column":7}}},"4":{"name":"(anonymous_4)","decl":{"start":{"line":33,"column":34},"end":{"line":33,"column":35}},"loc":{"start":{"line":33,"column":52},"end":{"line":36,"column":7}}},"5":{"name":"(anonymous_5)","decl":{"start":{"line":38,"column":37},"end":{"line":38,"column":38}},"loc":{"start":{"line":38,"column":55},"end":{"line":40,"column":7}}},"6":{"name":"(anonymous_6)","decl":{"start":{"line":39,"column":39},"end":{"line":39,"column":40}},"loc":{"start":{"line":39,"column":46},"end":{"line":39,"column":69}}},"7":{"name":"(anonymous_7)","decl":{"start":{"line":42,"column":35},"end":{"line":42,"column":36}},"loc":{"start":{"line":42,"column":53},"end":{"line":47,"column":7}}},"8":{"name":"(anonymous_8)","decl":{"start":{"line":43,"column":43},"end":{"line":43,"column":44}},"loc":{"start":{"line":43,"column":50},"end":{"line":43,"column":76}}},"9":{"name":"(anonymous_9)","decl":{"start":{"line":49,"column":39},"end":{"line":49,"column":40}},"loc":{"start":{"line":49,"column":49},"end":{"line":52,"column":7}}},"10":{"name":"(anonymous_10)","decl":{"start":{"line":53,"column":41},"end":{"line":53,"column":42}},"loc":{"start":{"line":53,"column":59},"end":{"line":56,"column":7}}},"11":{"name":"(anonymous_11)","decl":{"start":{"line":57,"column":40},"end":{"line":57,"column":41}},"loc":{"start":{"line":57,"column":58},"end":{"line":60,"column":7}}}},"branchMap":{"0":{"loc":{"start":{"line":35,"column":22},"end":{"line":35,"column":52}},"type":"cond-expr","locations":[{"start":{"line":35,"column":42},"end":{"line":35,"column":45}},{"start":{"line":35,"column":45},"end":{"line":35,"column":52}}]},"1":{"loc":{"start":{"line":35,"column":22},"end":{"line":35,"column":45}},"type":"binary-expr","locations":[{"start":{"line":35,"column":22},"end":{"line":35,"column":45}},{"start":{"line":35,"column":42},"end":{"line":35,"column":45}}]},"2":{"loc":{"start":{"line":44,"column":8},"end":{"line":46,"column":9}},"type":"if","locations":[{"start":{"line":44,"column":8},"end":{"line":46,"column":9}}]},"3":{"loc":{"start":{"line":59,"column":22},"end":{"line":59,"column":51}},"type":"cond-expr","locations":[{"start":{"line":59,"column":42},"end":{"line":59,"column":44}},{"start":{"line":59,"column":44},"end":{"line":59,"column":51}}]},"4":{"loc":{"start":{"line":59,"column":22},"end":{"line":59,"column":44}},"type":"binary-expr","locations":[{"start":{"line":59,"column":22},"end":{"line":59,"column":44}},{"start":{"line":59,"column":42},"end":{"line":59,"column":44}}]}},"s":{"0":1,"1":1,"2":1,"3":1,"4":1,"5":1,"6":1,"7":1,"8":1,"9":1,"10":1,"11":1,"12":1,"13":2,"14":1,"15":1,"16":1,"17":1,"18":1,"19":1,"20":1,"21":1,"22":1,"23":1,"24":1},"f":{"0":1,"1":1,"2":1,"3":1,"4":1,"5":1,"6":2,"7":1,"8":1,"9":1,"10":1,"11":1},"b":{"0":[1,0],"1":[1,1],"2":[1],"3":[1,0],"4":[1,1]}}
}
