{"C:\\Eman\\react-Tasks\\task2\\task2react+typescript\\Bost-plog-main (1)\\task2_react+Ts\\src\\firebase.ts": {"path":"C:\\Eman\\react-Tasks\\task2\\task2react+typescript\\Bost-plog-main (1)\\task2_react+Ts\\src\\firebase.ts","statementMap":{"0":{"start":{"line":1,"column":0},"end":{"line":1,"column":45}},"1":{"start":{"line":2,"column":0},"end":{"line":2,"column":40}},"2":{"start":{"line":3,"column":0},"end":{"line":3,"column":48}},"3":{"start":{"line":5,"column":23},"end":{"line":13,"column":2}},"4":{"start":{"line":16,"column":12},"end":{"line":16,"column":41}},"5":{"start":{"line":19,"column":13},"end":{"line":19,"column":33}},"6":{"start":{"line":22,"column":13},"end":{"line":22,"column":49}}},"fnMap":{},"branchMap":{},"s":{"0":3,"1":3,"2":3,"3":3,"4":3,"5":3,"6":3},"f":{},"b":{}}
,"C:\\Eman\\react-Tasks\\task2\\task2react+typescript\\Bost-plog-main (1)\\task2_react+Ts\\src\\Components\\Layout.tsx": {"path":"C:\\Eman\\react-Tasks\\task2\\task2react+typescript\\Bost-plog-main (1)\\task2_react+Ts\\src\\Components\\Layout.tsx","statementMap":{"0":{"start":{"line":4,"column":0},"end":{"line":4,"column":24}},"1":{"start":{"line":1,"column":0},"end":{"line":1,"column":33}},"2":{"start":{"line":2,"column":0},"end":{"line":2,"column":42}},"3":{"start":{"line":5,"column":2},"end":{"line":12,"column":4}}},"fnMap":{"0":{"name":"Home","decl":{"start":{"line":4,"column":24},"end":{"line":4,"column":28}},"loc":{"start":{"line":4,"column":28},"end":{"line":13,"column":1}}}},"branchMap":{},"s":{"0":2,"1":2,"2":2,"3":0},"f":{"0":0},"b":{}}
,"C:\\Eman\\react-Tasks\\task2\\task2react+typescript\\Bost-plog-main (1)\\task2_react+Ts\\src\\Components\\ProtectedRoute.tsx": {"path":"C:\\Eman\\react-Tasks\\task2\\task2react+typescript\\Bost-plog-main (1)\\task2_react+Ts\\src\\Components\\ProtectedRoute.tsx","statementMap":{"0":{"start":{"line":1,"column":0},"end":{"line":1,"column":44}},"1":{"start":{"line":2,"column":0},"end":{"line":2,"column":42}},"2":{"start":{"line":7,"column":15},"end":{"line":7,"column":65}},"3":{"start":{"line":7,"column":49},"end":{"line":7,"column":64}},"4":{"start":{"line":9,"column":2},"end":{"line":11,"column":3}},"5":{"start":{"line":10,"column":4},"end":{"line":10,"column":44}},"6":{"start":{"line":13,"column":2},"end":{"line":13,"column":18}},"7":{"start":{"line":16,"column":0},"end":{"line":16,"column":30}}},"fnMap":{"0":{"name":"ProtectedRoute","decl":{"start":{"line":6,"column":9},"end":{"line":6,"column":23}},"loc":{"start":{"line":6,"column":56},"end":{"line":14,"column":1}}},"1":{"name":"(anonymous_1)","decl":{"start":{"line":7,"column":27},"end":{"line":7,"column":28}},"loc":{"start":{"line":7,"column":49},"end":{"line":7,"column":64}}}},"branchMap":{"0":{"loc":{"start":{"line":9,"column":2},"end":{"line":11,"column":3}},"type":"if","locations":[{"start":{"line":9,"column":2},"end":{"line":11,"column":3}}]}},"s":{"0":2,"1":2,"2":0,"3":0,"4":0,"5":0,"6":0,"7":2},"f":{"0":0,"1":0},"b":{"0":[0]}}
,"C:\\Eman\\react-Tasks\\task2\\task2react+typescript\\Bost-plog-main (1)\\task2_react+Ts\\src\\Components\\ValidationSignupForm.tsx": {"path":"C:\\Eman\\react-Tasks\\task2\\task2react+typescript\\Bost-plog-main (1)\\task2_react+Ts\\src\\Components\\ValidationSignupForm.tsx","statementMap":{"0":{"start":{"line":3,"column":0},"end":{"line":3,"column":24}},"1":{"start":{"line":9,"column":21},"end":{"line":9,"column":49}},"2":{"start":{"line":10,"column":21},"end":{"line":10,"column":37}},"3":{"start":{"line":12,"column":2},"end":{"line":17,"column":3}},"4":{"start":{"line":13,"column":4},"end":{"line":16,"column":6}},"5":{"start":{"line":19,"column":2},"end":{"line":24,"column":3}},"6":{"start":{"line":20,"column":4},"end":{"line":23,"column":6}},"7":{"start":{"line":26,"column":2},"end":{"line":28,"column":3}},"8":{"start":{"line":27,"column":4},"end":{"line":27,"column":78}},"9":{"start":{"line":30,"column":2},"end":{"line":35,"column":3}},"10":{"start":{"line":31,"column":4},"end":{"line":34,"column":6}},"11":{"start":{"line":37,"column":2},"end":{"line":37,"column":27}}},"fnMap":{"0":{"name":"ValidationSignup","decl":{"start":{"line":3,"column":24},"end":{"line":3,"column":40}},"loc":{"start":{"line":8,"column":23},"end":{"line":38,"column":1}}}},"branchMap":{"0":{"loc":{"start":{"line":12,"column":2},"end":{"line":17,"column":3}},"type":"if","locations":[{"start":{"line":12,"column":2},"end":{"line":17,"column":3}}]},"1":{"loc":{"start":{"line":19,"column":2},"end":{"line":24,"column":3}},"type":"if","locations":[{"start":{"line":19,"column":2},"end":{"line":24,"column":3}}]},"2":{"loc":{"start":{"line":26,"column":2},"end":{"line":28,"column":3}},"type":"if","locations":[{"start":{"line":26,"column":2},"end":{"line":28,"column":3}}]},"3":{"loc":{"start":{"line":30,"column":2},"end":{"line":35,"column":3}},"type":"if","locations":[{"start":{"line":30,"column":2},"end":{"line":35,"column":3}}]}},"s":{"0":2,"1":0,"2":0,"3":0,"4":0,"5":0,"6":0,"7":0,"8":0,"9":0,"10":0,"11":0},"f":{"0":0},"b":{"0":[0],"1":[0],"2":[0],"3":[0]}}
,"C:\\Eman\\react-Tasks\\task2\\task2react+typescript\\Bost-plog-main (1)\\task2_react+Ts\\src\\Components\\index.ts": {"path":"C:\\Eman\\react-Tasks\\task2\\task2react+typescript\\Bost-plog-main (1)\\task2_react+Ts\\src\\Components\\index.ts","statementMap":{"0":{"start":{"line":1,"column":0},"end":{"line":1,"column":9}},"1":{"start":{"line":1,"column":9},"end":{"line":1,"column":34}},"2":{"start":{"line":2,"column":0},"end":{"line":2,"column":9}},"3":{"start":{"line":2,"column":9},"end":{"line":2,"column":26}},"4":{"start":{"line":3,"column":0},"end":{"line":3,"column":8}},"5":{"start":{"line":3,"column":8},"end":{"line":3,"column":29}},"6":{"start":{"line":4,"column":0},"end":{"line":4,"column":8}},"7":{"start":{"line":4,"column":8},"end":{"line":4,"column":27}},"8":{"start":{"line":5,"column":0},"end":{"line":5,"column":8}},"9":{"start":{"line":5,"column":8},"end":{"line":5,"column":30}},"10":{"start":{"line":6,"column":0},"end":{"line":6,"column":8}},"11":{"start":{"line":6,"column":8},"end":{"line":6,"column":25}},"12":{"start":{"line":7,"column":0},"end":{"line":7,"column":8}},"13":{"start":{"line":7,"column":8},"end":{"line":7,"column":35}}},"fnMap":{"0":{"name":"(anonymous_1)","decl":{"start":{"line":1,"column":9},"end":{"line":1,"column":16}},"loc":{"start":{"line":1,"column":9},"end":{"line":1,"column":34}}},"1":{"name":"(anonymous_2)","decl":{"start":{"line":2,"column":9},"end":{"line":2,"column":16}},"loc":{"start":{"line":2,"column":9},"end":{"line":2,"column":26}}},"2":{"name":"(anonymous_3)","decl":{"start":{"line":3,"column":8},"end":{"line":3,"column":15}},"loc":{"start":{"line":3,"column":8},"end":{"line":3,"column":29}}},"3":{"name":"(anonymous_4)","decl":{"start":{"line":4,"column":8},"end":{"line":4,"column":15}},"loc":{"start":{"line":4,"column":8},"end":{"line":4,"column":27}}},"4":{"name":"(anonymous_5)","decl":{"start":{"line":5,"column":8},"end":{"line":5,"column":15}},"loc":{"start":{"line":5,"column":8},"end":{"line":5,"column":30}}},"5":{"name":"(anonymous_6)","decl":{"start":{"line":6,"column":8},"end":{"line":6,"column":15}},"loc":{"start":{"line":6,"column":8},"end":{"line":6,"column":25}}},"6":{"name":"(anonymous_7)","decl":{"start":{"line":7,"column":8},"end":{"line":7,"column":15}},"loc":{"start":{"line":7,"column":8},"end":{"line":7,"column":35}}}},"branchMap":{},"s":{"0":2,"1":2,"2":2,"3":2,"4":2,"5":5,"6":2,"7":2,"8":2,"9":2,"10":2,"11":2,"12":2,"13":2},"f":{"0":0,"1":0,"2":3,"3":0,"4":0,"5":0,"6":0},"b":{}}
,"C:\\Eman\\react-Tasks\\task2\\task2react+typescript\\Bost-plog-main (1)\\task2_react+Ts\\src\\Components\\FirebaseRequestsAndtest\\PostRequestsFirebase.tsx": {"path":"C:\\Eman\\react-Tasks\\task2\\task2react+typescript\\Bost-plog-main (1)\\task2_react+Ts\\src\\Components\\FirebaseRequestsAndtest\\PostRequestsFirebase.tsx","statementMap":{"0":{"start":{"line":1,"column":0},"end":{"line":1,"column":67}},"1":{"start":{"line":2,"column":0},"end":{"line":2,"column":50}},"2":{"start":{"line":3,"column":0},"end":{"line":3,"column":50}},"3":{"start":{"line":8,"column":13},"end":{"line":12,"column":5}},"4":{"start":{"line":8,"column":77},"end":{"line":12,"column":4}},"5":{"start":{"line":9,"column":19},"end":{"line":9,"column":55}},"6":{"start":{"line":10,"column":4},"end":{"line":10,"column":31}},"7":{"start":{"line":11,"column":4},"end":{"line":11,"column":40}},"8":{"start":{"line":16,"column":13},"end":{"line":27,"column":3}},"9":{"start":{"line":16,"column":88},"end":{"line":27,"column":2}},"10":{"start":{"line":17,"column":2},"end":{"line":25,"column":3}},"11":{"start":{"line":18,"column":22},"end":{"line":18,"column":63}},"12":{"start":{"line":19,"column":16},"end":{"line":19,"column":30}},"13":{"start":{"line":20,"column":2},"end":{"line":20,"column":24}},"14":{"start":{"line":20,"column":14},"end":{"line":20,"column":24}},"15":{"start":{"line":21,"column":2},"end":{"line":21,"column":78}},"16":{"start":{"line":21,"column":50},"end":{"line":21,"column":76}},"17":{"start":{"line":24,"column":4},"end":{"line":24,"column":null}},"18":{"start":{"line":30,"column":15},"end":{"line":33,"column":5}},"19":{"start":{"line":30,"column":85},"end":{"line":33,"column":4}},"20":{"start":{"line":31,"column":4},"end":{"line":31,"column":55}},"21":{"start":{"line":32,"column":4},"end":{"line":32,"column":14}},"22":{"start":{"line":38,"column":15},"end":{"line":44,"column":4}},"23":{"start":{"line":40,"column":63},"end":{"line":43,"column":null}},"24":{"start":{"line":41,"column":6},"end":{"line":41,"column":70}},"25":{"start":{"line":42,"column":6},"end":{"line":42,"column":36}},"26":{"start":{"line":47,"column":15},"end":{"line":57,"column":null}},"27":{"start":{"line":48,"column":26},"end":{"line":56,"column":null}},"28":{"start":{"line":49,"column":26},"end":{"line":49,"column":72}},"29":{"start":{"line":50,"column":10},"end":{"line":55,"column":11}},"30":{"start":{"line":51,"column":14},"end":{"line":51,"column":42}},"31":{"start":{"line":54,"column":14},"end":{"line":54,"column":null}}},"fnMap":{"0":{"name":"(anonymous_7)","decl":{"start":{"line":8,"column":57},"end":{"line":8,"column":64}},"loc":{"start":{"line":8,"column":77},"end":{"line":12,"column":4}}},"1":{"name":"(anonymous_8)","decl":{"start":{"line":8,"column":77},"end":{"line":8,"column":null}},"loc":{"start":{"line":8,"column":77},"end":{"line":12,"column":3}}},"2":{"name":"(anonymous_9)","decl":{"start":{"line":16,"column":67},"end":{"line":16,"column":74}},"loc":{"start":{"line":16,"column":88},"end":{"line":27,"column":2}}},"3":{"name":"(anonymous_10)","decl":{"start":{"line":16,"column":88},"end":{"line":16,"column":null}},"loc":{"start":{"line":16,"column":88},"end":{"line":27,"column":1}}},"4":{"name":"(anonymous_11)","decl":{"start":{"line":21,"column":35},"end":{"line":21,"column":36}},"loc":{"start":{"line":21,"column":50},"end":{"line":21,"column":76}}},"5":{"name":"(anonymous_12)","decl":{"start":{"line":30,"column":65},"end":{"line":30,"column":72}},"loc":{"start":{"line":30,"column":85},"end":{"line":33,"column":4}}},"6":{"name":"(anonymous_13)","decl":{"start":{"line":30,"column":85},"end":{"line":30,"column":null}},"loc":{"start":{"line":30,"column":85},"end":{"line":33,"column":3}}},"7":{"name":"(anonymous_14)","decl":{"start":{"line":40,"column":4},"end":{"line":40,"column":11}},"loc":{"start":{"line":40,"column":63},"end":{"line":43,"column":null}}},"8":{"name":"(anonymous_15)","decl":{"start":{"line":40,"column":63},"end":{"line":40,"column":null}},"loc":{"start":{"line":40,"column":59},"end":{"line":43,"column":5}}},"9":{"name":"(anonymous_16)","decl":{"start":{"line":48,"column":6},"end":{"line":48,"column":13}},"loc":{"start":{"line":48,"column":26},"end":{"line":56,"column":null}}},"10":{"name":"(anonymous_17)","decl":{"start":{"line":48,"column":26},"end":{"line":48,"column":null}},"loc":{"start":{"line":48,"column":26},"end":{"line":56,"column":7}}}},"branchMap":{"0":{"loc":{"start":{"line":20,"column":2},"end":{"line":20,"column":24}},"type":"if","locations":[{"start":{"line":20,"column":2},"end":{"line":20,"column":24}}]},"1":{"loc":{"start":{"line":50,"column":10},"end":{"line":55,"column":11}},"type":"if","locations":[{"start":{"line":50,"column":10},"end":{"line":55,"column":11}},{"start":{"line":53,"column":15},"end":{"line":55,"column":11}}]}},"s":{"0":3,"1":3,"2":3,"3":3,"4":1,"5":1,"6":1,"7":1,"8":3,"9":2,"10":2,"11":2,"12":1,"13":1,"14":0,"15":1,"16":2,"17":0,"18":3,"19":1,"20":1,"21":1,"22":3,"23":1,"24":1,"25":1,"26":3,"27":1,"28":1,"29":1,"30":1,"31":0},"f":{"0":1,"1":1,"2":2,"3":2,"4":2,"5":1,"6":1,"7":1,"8":1,"9":1,"10":1},"b":{"0":[0],"1":[1,0]}}
,"C:\\Eman\\react-Tasks\\task2\\task2react+typescript\\Bost-plog-main (1)\\task2_react+Ts\\src\\Components\\Header\\Header.tsx": {"path":"C:\\Eman\\react-Tasks\\task2\\task2react+typescript\\Bost-plog-main (1)\\task2_react+Ts\\src\\Components\\Header\\Header.tsx","statementMap":{"0":{"start":{"line":1,"column":0},"end":{"line":1,"column":43}},"1":{"start":{"line":2,"column":0},"end":{"line":2,"column":55}},"2":{"start":{"line":3,"column":0},"end":{"line":3,"column":64}},"3":{"start":{"line":4,"column":0},"end":{"line":4,"column":22}},"4":{"start":{"line":5,"column":0},"end":{"line":5,"column":50}},"5":{"start":{"line":10,"column":15},"end":{"line":10,"column":65}},"6":{"start":{"line":10,"column":49},"end":{"line":10,"column":64}},"7":{"start":{"line":11,"column":19},"end":{"line":11,"column":32}},"8":{"start":{"line":14,"column":23},"end":{"line":16,"column":3}},"9":{"start":{"line":15,"column":4},"end":{"line":15,"column":23}},"10":{"start":{"line":19,"column":2},"end":{"line":56,"column":4}},"11":{"start":{"line":59,"column":0},"end":{"line":59,"column":22}}},"fnMap":{"0":{"name":"Header","decl":{"start":{"line":8,"column":9},"end":{"line":8,"column":15}},"loc":{"start":{"line":8,"column":15},"end":{"line":57,"column":1}}},"1":{"name":"(anonymous_2)","decl":{"start":{"line":10,"column":27},"end":{"line":10,"column":28}},"loc":{"start":{"line":10,"column":49},"end":{"line":10,"column":64}}},"2":{"name":"(anonymous_3)","decl":{"start":{"line":14,"column":23},"end":{"line":14,"column":26}},"loc":{"start":{"line":14,"column":28},"end":{"line":16,"column":3}}}},"branchMap":{"0":{"loc":{"start":{"line":26,"column":11},"end":{"line":49,"column":null}},"type":"cond-expr","locations":[{"start":{"line":27,"column":12},"end":{"line":38,"column":null}},{"start":{"line":41,"column":12},"end":{"line":48,"column":null}}]},"1":{"loc":{"start":{"line":53,"column":9},"end":{"line":53,"column":63}},"type":"binary-expr","locations":[{"start":{"line":53,"column":9},"end":{"line":53,"column":13}},{"start":{"line":53,"column":17},"end":{"line":53,"column":63}}]}},"s":{"0":3,"1":3,"2":3,"3":3,"4":3,"5":4,"6":8,"7":4,"8":4,"9":1,"10":4,"11":3},"f":{"0":4,"1":8,"2":1},"b":{"0":[2,2],"1":[4,2]}}
,"C:\\Eman\\react-Tasks\\task2\\task2react+typescript\\Bost-plog-main (1)\\task2_react+Ts\\src\\Components\\MappingPosts\\MappingPosts.tsx": {"path":"C:\\Eman\\react-Tasks\\task2\\task2react+typescript\\Bost-plog-main (1)\\task2_react+Ts\\src\\Components\\MappingPosts\\MappingPosts.tsx","statementMap":{"0":{"start":{"line":7,"column":0},"end":{"line":7,"column":24}},"1":{"start":{"line":1,"column":0},"end":{"line":1,"column":47}},"2":{"start":{"line":2,"column":0},"end":{"line":2,"column":23}},"3":{"start":{"line":4,"column":0},"end":{"line":4,"column":33}},"4":{"start":{"line":5,"column":0},"end":{"line":5,"column":38}},"5":{"start":{"line":9,"column":24},"end":{"line":9,"column":52}},"6":{"start":{"line":10,"column":15},"end":{"line":10,"column":63}},"7":{"start":{"line":13,"column":4},"end":{"line":13,"column":51}},"8":{"start":{"line":18,"column":40},"end":{"line":18,"column":51}},"9":{"start":{"line":19,"column":23},"end":{"line":19,"column":24}},"10":{"start":{"line":21,"column":22},"end":{"line":29,"column":4}},"11":{"start":{"line":22,"column":18},"end":{"line":22,"column":39}},"12":{"start":{"line":23,"column":18},"end":{"line":23,"column":39}},"13":{"start":{"line":25,"column":4},"end":{"line":27,"column":5}},"14":{"start":{"line":26,"column":6},"end":{"line":26,"column":15}},"15":{"start":{"line":28,"column":4},"end":{"line":28,"column":45}},"16":{"start":{"line":33,"column":26},"end":{"line":33,"column":52}},"17":{"start":{"line":34,"column":27},"end":{"line":34,"column":57}},"18":{"start":{"line":35,"column":23},"end":{"line":35,"column":75}},"19":{"start":{"line":36,"column":21},"end":{"line":36,"column":63}},"20":{"start":{"line":37,"column":27},"end":{"line":39,"column":3}},"21":{"start":{"line":38,"column":4},"end":{"line":38,"column":31}},"22":{"start":{"line":42,"column":2},"end":{"line":82,"column":4}},"23":{"start":{"line":46,"column":10},"end":{"line":46,"column":28}},"24":{"start":{"line":56,"column":41},"end":{"line":56,"column":63}},"25":{"start":{"line":58,"column":39},"end":{"line":58,"column":55}}},"fnMap":{"0":{"name":"MapingPosts","decl":{"start":{"line":7,"column":24},"end":{"line":7,"column":35}},"loc":{"start":{"line":7,"column":88},"end":{"line":83,"column":1}}},"1":{"name":"isValidDate","decl":{"start":{"line":12,"column":11},"end":{"line":12,"column":22}},"loc":{"start":{"line":12,"column":29},"end":{"line":14,"column":3}}},"2":{"name":"(anonymous_2)","decl":{"start":{"line":21,"column":42},"end":{"line":21,"column":43}},"loc":{"start":{"line":21,"column":51},"end":{"line":29,"column":3}}},"3":{"name":"(anonymous_3)","decl":{"start":{"line":37,"column":27},"end":{"line":37,"column":28}},"loc":{"start":{"line":37,"column":50},"end":{"line":39,"column":3}}},"4":{"name":"(anonymous_4)","decl":{"start":{"line":45,"column":26},"end":{"line":45,"column":27}},"loc":{"start":{"line":46,"column":10},"end":{"line":46,"column":28}}},"5":{"name":"(anonymous_5)","decl":{"start":{"line":56,"column":35},"end":{"line":56,"column":38}},"loc":{"start":{"line":56,"column":41},"end":{"line":56,"column":63}}},"6":{"name":"(anonymous_6)","decl":{"start":{"line":58,"column":33},"end":{"line":58,"column":36}},"loc":{"start":{"line":58,"column":39},"end":{"line":58,"column":55}}}},"branchMap":{"0":{"loc":{"start":{"line":10,"column":15},"end":{"line":10,"column":63}},"type":"cond-expr","locations":[{"start":{"line":10,"column":31},"end":{"line":10,"column":56}},{"start":{"line":10,"column":59},"end":{"line":10,"column":63}}]},"1":{"loc":{"start":{"line":13,"column":11},"end":{"line":13,"column":50}},"type":"binary-expr","locations":[{"start":{"line":13,"column":11},"end":{"line":13,"column":28}},{"start":{"line":13,"column":31},"end":{"line":13,"column":50}}]},"2":{"loc":{"start":{"line":25,"column":4},"end":{"line":27,"column":5}},"type":"if","locations":[{"start":{"line":25,"column":4},"end":{"line":27,"column":5}}]},"3":{"loc":{"start":{"line":25,"column":8},"end":{"line":25,"column":56}},"type":"binary-expr","locations":[{"start":{"line":25,"column":8},"end":{"line":25,"column":30}},{"start":{"line":25,"column":34},"end":{"line":25,"column":56}}]},"4":{"loc":{"start":{"line":55,"column":17},"end":{"line":56,"column":null}},"type":"binary-expr","locations":[{"start":{"line":55,"column":17},"end":{"line":55,"column":24}},{"start":{"line":56,"column":18},"end":{"line":56,"column":80}}]},"5":{"loc":{"start":{"line":62,"column":23},"end":{"line":62,"column":79}},"type":"cond-expr","locations":[{"start":{"line":62,"column":55},"end":{"line":62,"column":60}},{"start":{"line":62,"column":63},"end":{"line":62,"column":79}}]},"6":{"loc":{"start":{"line":66,"column":19},"end":{"line":68,"column":44}},"type":"cond-expr","locations":[{"start":{"line":66,"column":57},"end":{"line":68,"column":20}},{"start":{"line":68,"column":21},"end":{"line":68,"column":44}}]},"7":{"loc":{"start":{"line":76,"column":7},"end":{"line":79,"column":null}},"type":"binary-expr","locations":[{"start":{"line":76,"column":7},"end":{"line":76,"column":29}},{"start":{"line":76,"column":33},"end":{"line":79,"column":null}}]}},"s":{"0":2,"1":2,"2":2,"3":2,"4":2,"5":5,"6":5,"7":12,"8":5,"9":5,"10":5,"11":12,"12":12,"13":12,"14":0,"15":12,"16":5,"17":5,"18":5,"19":5,"20":5,"21":0,"22":5,"23":12,"24":1,"25":1},"f":{"0":5,"1":12,"2":12,"3":0,"4":12,"5":1,"6":1},"b":{"0":[5,0],"1":[12,12],"2":[0],"3":[12,12],"4":[12,12],"5":[0,12],"6":[12,0],"7":[5,3]}}
,"C:\\Eman\\react-Tasks\\task2\\task2react+typescript\\Bost-plog-main (1)\\task2_react+Ts\\src\\Components\\Pagination\\Pagination.tsx": {"path":"C:\\Eman\\react-Tasks\\task2\\task2react+typescript\\Bost-plog-main (1)\\task2_react+Ts\\src\\Components\\Pagination\\Pagination.tsx","statementMap":{"0":{"start":{"line":1,"column":0},"end":{"line":1,"column":26}},"1":{"start":{"line":4,"column":19},"end":{"line":36,"column":1}},"2":{"start":{"line":9,"column":2},"end":{"line":35,"column":4}},"3":{"start":{"line":12,"column":23},"end":{"line":12,"column":56}},"4":{"start":{"line":19,"column":8},"end":{"line":20,"column":null}},"5":{"start":{"line":21,"column":25},"end":{"line":21,"column":48}},"6":{"start":{"line":29,"column":23},"end":{"line":29,"column":56}},"7":{"start":{"line":38,"column":0},"end":{"line":38,"column":26}}},"fnMap":{"0":{"name":"(anonymous_0)","decl":{"start":{"line":4,"column":19},"end":{"line":4,"column":20}},"loc":{"start":{"line":8,"column":21},"end":{"line":36,"column":1}}},"1":{"name":"(anonymous_1)","decl":{"start":{"line":12,"column":17},"end":{"line":12,"column":20}},"loc":{"start":{"line":12,"column":23},"end":{"line":12,"column":56}}},"2":{"name":"(anonymous_2)","decl":{"start":{"line":18,"column":42},"end":{"line":18,"column":43}},"loc":{"start":{"line":19,"column":8},"end":{"line":20,"column":null}}},"3":{"name":"(anonymous_3)","decl":{"start":{"line":21,"column":19},"end":{"line":21,"column":22}},"loc":{"start":{"line":21,"column":25},"end":{"line":21,"column":48}}},"4":{"name":"(anonymous_4)","decl":{"start":{"line":29,"column":17},"end":{"line":29,"column":20}},"loc":{"start":{"line":29,"column":23},"end":{"line":29,"column":56}}}},"branchMap":{"0":{"loc":{"start":{"line":22,"column":21},"end":{"line":22,"column":58}},"type":"cond-expr","locations":[{"start":{"line":22,"column":45},"end":{"line":22,"column":53}},{"start":{"line":22,"column":56},"end":{"line":22,"column":58}}]}},"s":{"0":2,"1":2,"2":3,"3":0,"4":6,"5":0,"6":0,"7":2},"f":{"0":3,"1":0,"2":6,"3":0,"4":0},"b":{"0":[3,3]}}
,"C:\\Eman\\react-Tasks\\task2\\task2react+typescript\\Bost-plog-main (1)\\task2_react+Ts\\src\\Components\\PostForm\\PostForm.tsx": {"path":"C:\\Eman\\react-Tasks\\task2\\task2react+typescript\\Bost-plog-main (1)\\task2_react+Ts\\src\\Components\\PostForm\\PostForm.tsx","statementMap":{"0":{"start":{"line":4,"column":0},"end":{"line":4,"column":24}},"1":{"start":{"line":1,"column":0},"end":{"line":1,"column":24}},"2":{"start":{"line":12,"column":2},"end":{"line":42,"column":4}},"3":{"start":{"line":21,"column":27},"end":{"line":21,"column":51}},"4":{"start":{"line":31,"column":27},"end":{"line":31,"column":53}}},"fnMap":{"0":{"name":"PostForm","decl":{"start":{"line":4,"column":24},"end":{"line":4,"column":32}},"loc":{"start":{"line":11,"column":15},"end":{"line":43,"column":1}}},"1":{"name":"(anonymous_1)","decl":{"start":{"line":21,"column":20},"end":{"line":21,"column":21}},"loc":{"start":{"line":21,"column":27},"end":{"line":21,"column":51}}},"2":{"name":"(anonymous_2)","decl":{"start":{"line":31,"column":20},"end":{"line":31,"column":21}},"loc":{"start":{"line":31,"column":27},"end":{"line":31,"column":53}}}},"branchMap":{"0":{"loc":{"start":{"line":38,"column":11},"end":{"line":38,"column":50}},"type":"cond-expr","locations":[{"start":{"line":38,"column":26},"end":{"line":38,"column":37}},{"start":{"line":38,"column":40},"end":{"line":38,"column":50}}]}},"s":{"0":3,"1":3,"2":5,"3":1,"4":1},"f":{"0":5,"1":1,"2":1},"b":{"0":[1,4]}}
,"C:\\Eman\\react-Tasks\\task2\\task2react+typescript\\Bost-plog-main (1)\\task2_react+Ts\\src\\pages\\Dashboard\\Dashboard.tsx": {"path":"C:\\Eman\\react-Tasks\\task2\\task2react+typescript\\Bost-plog-main (1)\\task2_react+Ts\\src\\pages\\Dashboard\\Dashboard.tsx","statementMap":{"0":{"start":{"line":4,"column":0},"end":{"line":4,"column":24}},"1":{"start":{"line":1,"column":0},"end":{"line":1,"column":25}},"2":{"start":{"line":2,"column":0},"end":{"line":2,"column":43}},"3":{"start":{"line":6,"column":24},"end":{"line":6,"column":52}},"4":{"start":{"line":7,"column":15},"end":{"line":7,"column":63}},"5":{"start":{"line":9,"column":2},"end":{"line":23,"column":4}}},"fnMap":{"0":{"name":"Dashboard","decl":{"start":{"line":4,"column":24},"end":{"line":4,"column":33}},"loc":{"start":{"line":4,"column":33},"end":{"line":24,"column":1}}}},"branchMap":{"0":{"loc":{"start":{"line":7,"column":15},"end":{"line":7,"column":63}},"type":"cond-expr","locations":[{"start":{"line":7,"column":31},"end":{"line":7,"column":56}},{"start":{"line":7,"column":59},"end":{"line":7,"column":63}}]}},"s":{"0":1,"1":1,"2":1,"3":1,"4":1,"5":1},"f":{"0":1},"b":{"0":[1,0]}}
,"C:\\Eman\\react-Tasks\\task2\\task2react+typescript\\Bost-plog-main (1)\\task2_react+Ts\\src\\pages\\Posts\\UserPosts.tsx": {"path":"C:\\Eman\\react-Tasks\\task2\\task2react+typescript\\Bost-plog-main (1)\\task2_react+Ts\\src\\pages\\Posts\\UserPosts.tsx","statementMap":{"0":{"start":{"line":8,"column":0},"end":{"line":8,"column":24}},"1":{"start":{"line":1,"column":0},"end":{"line":1,"column":34}},"2":{"start":{"line":2,"column":0},"end":{"line":2,"column":55}},"3":{"start":{"line":3,"column":0},"end":{"line":3,"column":101}},"4":{"start":{"line":4,"column":0},"end":{"line":4,"column":47}},"5":{"start":{"line":5,"column":0},"end":{"line":5,"column":69}},"6":{"start":{"line":9,"column":19},"end":{"line":9,"column":45}},"7":{"start":{"line":10,"column":19},"end":{"line":10,"column":32}},"8":{"start":{"line":11,"column":24},"end":{"line":11,"column":52}},"9":{"start":{"line":12,"column":15},"end":{"line":12,"column":63}},"10":{"start":{"line":13,"column":38},"end":{"line":13,"column":84}},"11":{"start":{"line":13,"column":72},"end":{"line":13,"column":83}},"12":{"start":{"line":15,"column":2},"end":{"line":17,"column":17}},"13":{"start":{"line":16,"column":4},"end":{"line":16,"column":25}},"14":{"start":{"line":19,"column":20},"end":{"line":20,"column":null}},"15":{"start":{"line":20,"column":20},"end":{"line":20,"column":null}},"16":{"start":{"line":23,"column":21},"end":{"line":25,"column":3}},"17":{"start":{"line":24,"column":4},"end":{"line":24,"column":33}},"18":{"start":{"line":26,"column":23},"end":{"line":29,"column":3}},"19":{"start":{"line":27,"column":26},"end":{"line":27,"column":78}},"20":{"start":{"line":28,"column":4},"end":{"line":28,"column":48}},"21":{"start":{"line":28,"column":23},"end":{"line":28,"column":48}},"22":{"start":{"line":31,"column":2},"end":{"line":57,"column":4}},"23":{"start":{"line":44,"column":27},"end":{"line":44,"column":48}}},"fnMap":{"0":{"name":"UserPosts","decl":{"start":{"line":8,"column":24},"end":{"line":8,"column":33}},"loc":{"start":{"line":8,"column":33},"end":{"line":58,"column":1}}},"1":{"name":"(anonymous_2)","decl":{"start":{"line":13,"column":50},"end":{"line":13,"column":51}},"loc":{"start":{"line":13,"column":72},"end":{"line":13,"column":83}}},"2":{"name":"(anonymous_3)","decl":{"start":{"line":15,"column":12},"end":{"line":15,"column":15}},"loc":{"start":{"line":15,"column":17},"end":{"line":17,"column":3}}},"3":{"name":"(anonymous_4)","decl":{"start":{"line":20,"column":4},"end":{"line":20,"column":5}},"loc":{"start":{"line":20,"column":20},"end":{"line":20,"column":null}}},"4":{"name":"(anonymous_5)","decl":{"start":{"line":23,"column":21},"end":{"line":23,"column":22}},"loc":{"start":{"line":23,"column":36},"end":{"line":25,"column":3}}},"5":{"name":"(anonymous_6)","decl":{"start":{"line":26,"column":23},"end":{"line":26,"column":24}},"loc":{"start":{"line":26,"column":38},"end":{"line":29,"column":3}}},"6":{"name":"(anonymous_7)","decl":{"start":{"line":44,"column":21},"end":{"line":44,"column":24}},"loc":{"start":{"line":44,"column":27},"end":{"line":44,"column":48}}}},"branchMap":{"0":{"loc":{"start":{"line":12,"column":15},"end":{"line":12,"column":63}},"type":"cond-expr","locations":[{"start":{"line":12,"column":31},"end":{"line":12,"column":56}},{"start":{"line":12,"column":59},"end":{"line":12,"column":63}}]},"1":{"loc":{"start":{"line":20,"column":36},"end":{"line":20,"column":50}},"type":"cond-expr","locations":[{"start":{"line":20,"column":40},"end":{"line":20,"column":42}},{"start":{"line":20,"column":36},"end":{"line":20,"column":50}}]},"2":{"loc":{"start":{"line":20,"column":36},"end":{"line":20,"column":42}},"type":"binary-expr","locations":[{"start":{"line":20,"column":36},"end":{"line":20,"column":42}},{"start":{"line":20,"column":36},"end":{"line":20,"column":42}}]},"3":{"loc":{"start":{"line":28,"column":4},"end":{"line":28,"column":48}},"type":"if","locations":[{"start":{"line":28,"column":4},"end":{"line":28,"column":48}}]},"4":{"loc":{"start":{"line":33,"column":7},"end":{"line":33,"column":74}},"type":"binary-expr","locations":[{"start":{"line":33,"column":7},"end":{"line":33,"column":29}},{"start":{"line":33,"column":33},"end":{"line":33,"column":74}}]},"5":{"loc":{"start":{"line":34,"column":7},"end":{"line":34,"column":35}},"type":"binary-expr","locations":[{"start":{"line":34,"column":7},"end":{"line":34,"column":14}},{"start":{"line":34,"column":18},"end":{"line":34,"column":35}}]},"6":{"loc":{"start":{"line":35,"column":7},"end":{"line":35,"column":37}},"type":"binary-expr","locations":[{"start":{"line":35,"column":7},"end":{"line":35,"column":12}},{"start":{"line":35,"column":16},"end":{"line":35,"column":37}}]},"7":{"loc":{"start":{"line":36,"column":7},"end":{"line":49,"column":null}},"type":"binary-expr","locations":[{"start":{"line":36,"column":7},"end":{"line":36,"column":29}},{"start":{"line":37,"column":8},"end":{"line":48,"column":null}}]}},"s":{"0":1,"1":1,"2":1,"3":1,"4":1,"5":1,"6":2,"7":2,"8":2,"9":2,"10":2,"11":4,"12":2,"13":1,"14":2,"15":0,"16":2,"17":0,"18":2,"19":0,"20":0,"21":0,"22":2,"23":0},"f":{"0":2,"1":4,"2":1,"3":0,"4":0,"5":0,"6":0},"b":{"0":[2,0],"1":[0,0],"2":[0,0],"3":[0],"4":[2,0],"5":[2,1],"6":[2,0],"7":[2,2]}}
,"C:\\Eman\\react-Tasks\\task2\\task2react+typescript\\Bost-plog-main (1)\\task2_react+Ts\\src\\redux\\store.tsx": {"path":"C:\\Eman\\react-Tasks\\task2\\task2react+typescript\\Bost-plog-main (1)\\task2_react+Ts\\src\\redux\\store.tsx","statementMap":{"0":{"start":{"line":1,"column":0},"end":{"line":1,"column":50}},"1":{"start":{"line":2,"column":0},"end":{"line":2,"column":55}},"2":{"start":{"line":3,"column":0},"end":{"line":3,"column":55}},"3":{"start":{"line":6,"column":13},"end":{"line":12,"column":3}}},"fnMap":{},"branchMap":{},"s":{"0":1,"1":1,"2":1,"3":1},"f":{},"b":{}}
,"C:\\Eman\\react-Tasks\\task2\\task2react+typescript\\Bost-plog-main (1)\\task2_react+Ts\\src\\redux\\AuthSliceAndtest\\authSlice.tsx": {"path":"C:\\Eman\\react-Tasks\\task2\\task2react+typescript\\Bost-plog-main (1)\\task2_react+Ts\\src\\redux\\AuthSliceAndtest\\authSlice.tsx","statementMap":{"0":{"start":{"line":1,"column":0},"end":{"line":1,"column":47}},"1":{"start":{"line":3,"column":20},"end":{"line":3,"column":48}},"2":{"start":{"line":4,"column":21},"end":{"line":6,"column":2}},"3":{"start":{"line":8,"column":18},"end":{"line":22,"column":2}},"4":{"start":{"line":13,"column":6},"end":{"line":13,"column":34}},"5":{"start":{"line":14,"column":6},"end":{"line":14,"column":67}},"6":{"start":{"line":18,"column":6},"end":{"line":18,"column":24}},"7":{"start":{"line":19,"column":6},"end":{"line":19,"column":38}},"8":{"start":{"line":24,"column":13},"end":{"line":24,"column":40}},"9":{"start":{"line":25,"column":0},"end":{"line":25,"column":33}}},"fnMap":{"0":{"name":"(anonymous_0)","decl":{"start":{"line":12,"column":18},"end":{"line":12,"column":19}},"loc":{"start":{"line":12,"column":36},"end":{"line":16,"column":5}}},"1":{"name":"(anonymous_1)","decl":{"start":{"line":17,"column":12},"end":{"line":17,"column":13}},"loc":{"start":{"line":17,"column":22},"end":{"line":20,"column":5}}}},"branchMap":{"0":{"loc":{"start":{"line":5,"column":8},"end":{"line":5,"column":53}},"type":"cond-expr","locations":[{"start":{"line":5,"column":23},"end":{"line":5,"column":48}},{"start":{"line":5,"column":49},"end":{"line":5,"column":53}}]}},"s":{"0":4,"1":4,"2":4,"3":4,"4":1,"5":1,"6":2,"7":2,"8":4,"9":4},"f":{"0":1,"1":2},"b":{"0":[0,4]}}
,"C:\\Eman\\react-Tasks\\task2\\task2react+typescript\\Bost-plog-main (1)\\task2_react+Ts\\src\\redux\\PostSliceAndtest\\postSlice.tsx": {"path":"C:\\Eman\\react-Tasks\\task2\\task2react+typescript\\Bost-plog-main (1)\\task2_react+Ts\\src\\redux\\PostSliceAndtest\\postSlice.tsx","statementMap":{"0":{"start":{"line":1,"column":0},"end":{"line":1,"column":47}},"1":{"start":{"line":2,"column":0},"end":{"line":2,"column":132}},"2":{"start":{"line":6,"column":33},"end":{"line":11,"column":null}},"3":{"start":{"line":13,"column":18},"end":{"line":62,"column":2}},"4":{"start":{"line":18,"column":4},"end":{"line":60,"column":null}},"5":{"start":{"line":20,"column":8},"end":{"line":20,"column":40}},"6":{"start":{"line":23,"column":8},"end":{"line":23,"column":36}},"7":{"start":{"line":24,"column":8},"end":{"line":24,"column":30}},"8":{"start":{"line":29,"column":8},"end":{"line":29,"column":29}},"9":{"start":{"line":30,"column":8},"end":{"line":30,"column":27}},"10":{"start":{"line":34,"column":8},"end":{"line":34,"column":30}},"11":{"start":{"line":35,"column":8},"end":{"line":35,"column":53}},"12":{"start":{"line":39,"column":8},"end":{"line":39,"column":71}},"13":{"start":{"line":39,"column":46},"end":{"line":39,"column":69}},"14":{"start":{"line":43,"column":22},"end":{"line":43,"column":77}},"15":{"start":{"line":43,"column":50},"end":{"line":43,"column":76}},"16":{"start":{"line":44,"column":8},"end":{"line":46,"column":9}},"17":{"start":{"line":45,"column":10},"end":{"line":45,"column":45}},"18":{"start":{"line":50,"column":8},"end":{"line":50,"column":29}},"19":{"start":{"line":51,"column":8},"end":{"line":51,"column":27}},"20":{"start":{"line":54,"column":8},"end":{"line":54,"column":30}},"21":{"start":{"line":55,"column":8},"end":{"line":55,"column":44}},"22":{"start":{"line":58,"column":8},"end":{"line":58,"column":30}},"23":{"start":{"line":59,"column":8},"end":{"line":59,"column":52}},"24":{"start":{"line":64,"column":0},"end":{"line":64,"column":33}}},"fnMap":{"0":{"name":"(anonymous_0)","decl":{"start":{"line":17,"column":17},"end":{"line":17,"column":18}},"loc":{"start":{"line":17,"column":29},"end":{"line":61,"column":3}}},"1":{"name":"(anonymous_1)","decl":{"start":{"line":19,"column":34},"end":{"line":19,"column":35}},"loc":{"start":{"line":19,"column":52},"end":{"line":21,"column":7}}},"2":{"name":"(anonymous_2)","decl":{"start":{"line":22,"column":35},"end":{"line":22,"column":36}},"loc":{"start":{"line":22,"column":53},"end":{"line":27,"column":7}}},"3":{"name":"(anonymous_3)","decl":{"start":{"line":28,"column":33},"end":{"line":28,"column":34}},"loc":{"start":{"line":28,"column":43},"end":{"line":31,"column":7}}},"4":{"name":"(anonymous_4)","decl":{"start":{"line":33,"column":34},"end":{"line":33,"column":35}},"loc":{"start":{"line":33,"column":52},"end":{"line":36,"column":7}}},"5":{"name":"(anonymous_5)","decl":{"start":{"line":38,"column":37},"end":{"line":38,"column":38}},"loc":{"start":{"line":38,"column":55},"end":{"line":40,"column":7}}},"6":{"name":"(anonymous_6)","decl":{"start":{"line":39,"column":39},"end":{"line":39,"column":40}},"loc":{"start":{"line":39,"column":46},"end":{"line":39,"column":69}}},"7":{"name":"(anonymous_7)","decl":{"start":{"line":42,"column":35},"end":{"line":42,"column":36}},"loc":{"start":{"line":42,"column":53},"end":{"line":47,"column":7}}},"8":{"name":"(anonymous_8)","decl":{"start":{"line":43,"column":43},"end":{"line":43,"column":44}},"loc":{"start":{"line":43,"column":50},"end":{"line":43,"column":76}}},"9":{"name":"(anonymous_9)","decl":{"start":{"line":49,"column":39},"end":{"line":49,"column":40}},"loc":{"start":{"line":49,"column":49},"end":{"line":52,"column":7}}},"10":{"name":"(anonymous_10)","decl":{"start":{"line":53,"column":41},"end":{"line":53,"column":42}},"loc":{"start":{"line":53,"column":59},"end":{"line":56,"column":7}}},"11":{"name":"(anonymous_11)","decl":{"start":{"line":57,"column":40},"end":{"line":57,"column":41}},"loc":{"start":{"line":57,"column":58},"end":{"line":60,"column":7}}}},"branchMap":{"0":{"loc":{"start":{"line":35,"column":22},"end":{"line":35,"column":52}},"type":"cond-expr","locations":[{"start":{"line":35,"column":42},"end":{"line":35,"column":45}},{"start":{"line":35,"column":45},"end":{"line":35,"column":52}}]},"1":{"loc":{"start":{"line":35,"column":22},"end":{"line":35,"column":45}},"type":"binary-expr","locations":[{"start":{"line":35,"column":22},"end":{"line":35,"column":45}},{"start":{"line":35,"column":42},"end":{"line":35,"column":45}}]},"2":{"loc":{"start":{"line":44,"column":8},"end":{"line":46,"column":9}},"type":"if","locations":[{"start":{"line":44,"column":8},"end":{"line":46,"column":9}}]},"3":{"loc":{"start":{"line":59,"column":22},"end":{"line":59,"column":51}},"type":"cond-expr","locations":[{"start":{"line":59,"column":42},"end":{"line":59,"column":44}},{"start":{"line":59,"column":44},"end":{"line":59,"column":51}}]},"4":{"loc":{"start":{"line":59,"column":22},"end":{"line":59,"column":44}},"type":"binary-expr","locations":[{"start":{"line":59,"column":22},"end":{"line":59,"column":44}},{"start":{"line":59,"column":42},"end":{"line":59,"column":44}}]}},"s":{"0":2,"1":2,"2":2,"3":2,"4":2,"5":1,"6":1,"7":1,"8":2,"9":2,"10":1,"11":1,"12":1,"13":2,"14":1,"15":1,"16":1,"17":1,"18":1,"19":1,"20":1,"21":1,"22":1,"23":1,"24":2},"f":{"0":2,"1":1,"2":1,"3":2,"4":1,"5":1,"6":2,"7":1,"8":1,"9":1,"10":1,"11":1},"b":{"0":[1,0],"1":[1,1],"2":[1],"3":[1,0],"4":[1,1]}}
}
