TN:
SF:src\firebase.ts
FNF:0
FNH:0
DA:1,2
DA:2,2
DA:3,2
DA:5,2
DA:16,2
DA:19,2
DA:22,2
LF:7
LH:7
BRF:0
BRH:0
end_of_record
TN:
SF:src\Components\FirebaseRequestsAndtest\PostRequestsFirebase.tsx
FN:6,(anonymous_7)
FN:6,(anonymous_8)
FN:12,(anonymous_9)
FN:12,(anonymous_10)
FN:17,(anonymous_11)
FN:26,(anonymous_12)
FN:26,(anonymous_13)
FN:33,(anonymous_14)
FN:33,(anonymous_15)
FN:40,(anonymous_16)
FN:40,(anonymous_17)
FNF:11
FNH:11
FNDA:1,(anonymous_7)
FNDA:1,(anonymous_8)
FNDA:1,(anonymous_9)
FNDA:1,(anonymous_10)
FNDA:2,(anonymous_11)
FNDA:1,(anonymous_12)
FNDA:1,(anonymous_13)
FNDA:1,(anonymous_14)
FNDA:1,(anonymous_15)
FNDA:1,(anonymous_16)
FNDA:1,(anonymous_17)
DA:1,2
DA:2,2
DA:3,2
DA:6,2
DA:7,1
DA:8,1
DA:9,1
DA:12,2
DA:13,1
DA:14,1
DA:15,1
DA:16,1
DA:17,2
DA:20,0
DA:26,2
DA:27,1
DA:28,1
DA:31,2
DA:33,1
DA:34,1
DA:35,1
DA:39,2
DA:40,1
DA:41,1
DA:42,1
DA:43,1
DA:46,0
LF:27
LH:25
BRDA:16,0,0,0
BRDA:42,1,0,1
BRDA:42,1,1,0
BRF:3
BRH:1
end_of_record
TN:
SF:src\Components\PostForm\PostForm.tsx
FN:4,PostForm
FN:21,(anonymous_1)
FN:31,(anonymous_2)
FNF:3
FNH:3
FNDA:5,PostForm
FNDA:1,(anonymous_1)
FNDA:1,(anonymous_2)
DA:1,1
DA:4,1
DA:12,5
DA:21,1
DA:31,1
LF:5
LH:5
BRDA:38,0,0,1
BRDA:38,0,1,4
BRF:2
BRH:2
end_of_record
TN:
SF:src\redux\AuthSliceAndtest\authSlice.tsx
FN:12,(anonymous_0)
FN:17,(anonymous_1)
FNF:2
FNH:2
FNDA:1,(anonymous_0)
FNDA:1,(anonymous_1)
DA:1,1
DA:3,1
DA:4,1
DA:8,1
DA:13,1
DA:14,1
DA:18,1
DA:19,1
DA:24,1
DA:25,1
LF:10
LH:10
BRDA:5,0,0,0
BRDA:5,0,1,1
BRF:2
BRH:1
end_of_record
TN:
SF:src\redux\PostSliceAndtest\postSlice.tsx
FN:17,(anonymous_0)
FN:19,(anonymous_1)
FN:22,(anonymous_2)
FN:28,(anonymous_3)
FN:33,(anonymous_4)
FN:38,(anonymous_5)
FN:39,(anonymous_6)
FN:42,(anonymous_7)
FN:43,(anonymous_8)
FN:49,(anonymous_9)
FN:53,(anonymous_10)
FN:57,(anonymous_11)
FNF:12
FNH:12
FNDA:1,(anonymous_0)
FNDA:1,(anonymous_1)
FNDA:1,(anonymous_2)
FNDA:1,(anonymous_3)
FNDA:1,(anonymous_4)
FNDA:1,(anonymous_5)
FNDA:2,(anonymous_6)
FNDA:1,(anonymous_7)
FNDA:1,(anonymous_8)
FNDA:1,(anonymous_9)
FNDA:1,(anonymous_10)
FNDA:1,(anonymous_11)
DA:1,1
DA:2,1
DA:6,1
DA:13,1
DA:18,1
DA:20,1
DA:23,1
DA:24,1
DA:29,1
DA:30,1
DA:34,1
DA:35,1
DA:39,2
DA:43,1
DA:44,1
DA:45,1
DA:50,1
DA:51,1
DA:54,1
DA:55,1
DA:58,1
DA:59,1
DA:64,1
LF:23
LH:23
BRDA:35,0,0,1
BRDA:35,0,1,0
BRDA:35,1,0,1
BRDA:35,1,1,1
BRDA:44,2,0,1
BRDA:59,3,0,1
BRDA:59,3,1,0
BRDA:59,4,0,1
BRDA:59,4,1,1
BRF:9
BRH:7
end_of_record
