TN:
SF:src\firebase.ts
FNF:0
FNH:0
DA:1,3
DA:2,3
DA:3,3
DA:5,3
DA:16,3
DA:19,3
DA:22,3
LF:7
LH:7
BRF:0
BRH:0
end_of_record
TN:
SF:src\Components\Layout.tsx
FN:4,Home
FNF:1
FNH:0
FNDA:0,Home
DA:1,2
DA:2,2
DA:4,2
DA:5,0
LF:4
LH:3
BRF:0
BRH:0
end_of_record
TN:
SF:src\Components\ProtectedRoute.tsx
FN:6,ProtectedRoute
FN:7,(anonymous_1)
FNF:2
FNH:0
FNDA:0,ProtectedRoute
FNDA:0,(anonymous_1)
DA:1,2
DA:2,2
DA:7,0
DA:9,0
DA:10,0
DA:13,0
DA:16,2
LF:7
LH:3
BRDA:9,0,0,0
BRF:1
BRH:0
end_of_record
TN:
SF:src\Components\ValidationSignupForm.tsx
FN:3,ValidationSignup
FNF:1
FNH:0
FNDA:0,ValidationSignup
DA:3,2
DA:9,0
DA:10,0
DA:12,0
DA:13,0
DA:19,0
DA:20,0
DA:26,0
DA:27,0
DA:30,0
DA:31,0
DA:37,0
LF:12
LH:1
BRDA:12,0,0,0
BRDA:19,1,0,0
BRDA:26,2,0,0
BRDA:30,3,0,0
BRF:4
BRH:0
end_of_record
TN:
SF:src\Components\index.ts
FN:1,(anonymous_1)
FN:2,(anonymous_2)
FN:3,(anonymous_3)
FN:4,(anonymous_4)
FN:5,(anonymous_5)
FN:6,(anonymous_6)
FN:7,(anonymous_7)
FNF:7
FNH:1
FNDA:0,(anonymous_1)
FNDA:0,(anonymous_2)
FNDA:3,(anonymous_3)
FNDA:0,(anonymous_4)
FNDA:0,(anonymous_5)
FNDA:0,(anonymous_6)
FNDA:0,(anonymous_7)
DA:1,2
DA:2,2
DA:3,5
DA:4,2
DA:5,2
DA:6,2
DA:7,2
LF:7
LH:7
BRF:0
BRH:0
end_of_record
TN:
SF:src\Components\FirebaseRequestsAndtest\PostRequestsFirebase.tsx
FN:8,(anonymous_7)
FN:8,(anonymous_8)
FN:16,(anonymous_9)
FN:16,(anonymous_10)
FN:21,(anonymous_11)
FN:30,(anonymous_12)
FN:30,(anonymous_13)
FN:40,(anonymous_14)
FN:40,(anonymous_15)
FN:48,(anonymous_16)
FN:48,(anonymous_17)
FNF:11
FNH:11
FNDA:1,(anonymous_7)
FNDA:1,(anonymous_8)
FNDA:2,(anonymous_9)
FNDA:2,(anonymous_10)
FNDA:2,(anonymous_11)
FNDA:1,(anonymous_12)
FNDA:1,(anonymous_13)
FNDA:1,(anonymous_14)
FNDA:1,(anonymous_15)
FNDA:1,(anonymous_16)
FNDA:1,(anonymous_17)
DA:1,3
DA:2,3
DA:3,3
DA:8,3
DA:9,1
DA:10,1
DA:11,1
DA:16,3
DA:17,2
DA:18,2
DA:19,1
DA:20,1
DA:21,2
DA:24,0
DA:30,3
DA:31,1
DA:32,1
DA:38,3
DA:40,1
DA:41,1
DA:42,1
DA:47,3
DA:48,1
DA:49,1
DA:50,1
DA:51,1
DA:54,0
LF:27
LH:25
BRDA:20,0,0,0
BRDA:50,1,0,1
BRDA:50,1,1,0
BRF:3
BRH:1
end_of_record
TN:
SF:src\Components\Header\Header.tsx
FN:8,Header
FN:10,(anonymous_2)
FN:14,(anonymous_3)
FNF:3
FNH:3
FNDA:4,Header
FNDA:8,(anonymous_2)
FNDA:1,(anonymous_3)
DA:1,3
DA:2,3
DA:3,3
DA:4,3
DA:5,3
DA:10,8
DA:11,4
DA:14,4
DA:15,1
DA:19,4
DA:59,3
LF:11
LH:11
BRDA:26,0,0,2
BRDA:26,0,1,2
BRDA:53,1,0,4
BRDA:53,1,1,2
BRF:4
BRH:4
end_of_record
TN:
SF:src\Components\MappingPosts\MappingPosts.tsx
FN:7,MapingPosts
FN:12,isValidDate
FN:21,(anonymous_2)
FN:37,(anonymous_3)
FN:45,(anonymous_4)
FN:56,(anonymous_5)
FN:58,(anonymous_6)
FNF:7
FNH:6
FNDA:5,MapingPosts
FNDA:12,isValidDate
FNDA:12,(anonymous_2)
FNDA:0,(anonymous_3)
FNDA:12,(anonymous_4)
FNDA:1,(anonymous_5)
FNDA:1,(anonymous_6)
DA:1,2
DA:2,2
DA:4,2
DA:5,2
DA:7,2
DA:9,5
DA:10,5
DA:13,12
DA:18,5
DA:19,5
DA:21,5
DA:22,12
DA:23,12
DA:25,12
DA:26,0
DA:28,12
DA:33,5
DA:34,5
DA:35,5
DA:36,5
DA:37,5
DA:38,0
DA:42,5
DA:46,12
DA:56,1
DA:58,1
LF:26
LH:24
BRDA:10,0,0,5
BRDA:10,0,1,0
BRDA:13,1,0,12
BRDA:13,1,1,12
BRDA:25,2,0,0
BRDA:25,3,0,12
BRDA:25,3,1,12
BRDA:55,4,0,12
BRDA:55,4,1,12
BRDA:62,5,0,0
BRDA:62,5,1,12
BRDA:66,6,0,12
BRDA:66,6,1,0
BRDA:76,7,0,5
BRDA:76,7,1,3
BRF:15
BRH:11
end_of_record
TN:
SF:src\Components\Pagination\Pagination.tsx
FN:4,(anonymous_0)
FN:12,(anonymous_1)
FN:18,(anonymous_2)
FN:21,(anonymous_3)
FN:29,(anonymous_4)
FNF:5
FNH:2
FNDA:3,(anonymous_0)
FNDA:0,(anonymous_1)
FNDA:6,(anonymous_2)
FNDA:0,(anonymous_3)
FNDA:0,(anonymous_4)
DA:1,2
DA:4,2
DA:9,3
DA:12,0
DA:19,6
DA:21,0
DA:29,0
DA:38,2
LF:8
LH:5
BRDA:22,0,0,3
BRDA:22,0,1,3
BRF:2
BRH:2
end_of_record
TN:
SF:src\Components\PostForm\PostForm.tsx
FN:4,PostForm
FN:21,(anonymous_1)
FN:31,(anonymous_2)
FNF:3
FNH:3
FNDA:5,PostForm
FNDA:1,(anonymous_1)
FNDA:1,(anonymous_2)
DA:1,3
DA:4,3
DA:12,5
DA:21,1
DA:31,1
LF:5
LH:5
BRDA:38,0,0,1
BRDA:38,0,1,4
BRF:2
BRH:2
end_of_record
TN:
SF:src\pages\Dashboard\Dashboard.tsx
FN:4,Dashboard
FNF:1
FNH:1
FNDA:1,Dashboard
DA:1,1
DA:2,1
DA:4,1
DA:6,1
DA:7,1
DA:9,1
LF:6
LH:6
BRDA:7,0,0,1
BRDA:7,0,1,0
BRF:2
BRH:1
end_of_record
TN:
SF:src\pages\Posts\UserPosts.tsx
FN:8,UserPosts
FN:13,(anonymous_2)
FN:15,(anonymous_3)
FN:20,(anonymous_4)
FN:23,(anonymous_5)
FN:26,(anonymous_6)
FN:44,(anonymous_7)
FNF:7
FNH:3
FNDA:2,UserPosts
FNDA:4,(anonymous_2)
FNDA:1,(anonymous_3)
FNDA:0,(anonymous_4)
FNDA:0,(anonymous_5)
FNDA:0,(anonymous_6)
FNDA:0,(anonymous_7)
DA:1,1
DA:2,1
DA:3,1
DA:4,1
DA:5,1
DA:8,1
DA:9,2
DA:10,2
DA:11,2
DA:12,2
DA:13,4
DA:15,2
DA:16,1
DA:19,2
DA:20,0
DA:23,2
DA:24,0
DA:26,2
DA:27,0
DA:28,0
DA:31,2
DA:44,0
LF:22
LH:17
BRDA:12,0,0,2
BRDA:12,0,1,0
BRDA:20,1,0,0
BRDA:20,1,1,0
BRDA:20,2,0,0
BRDA:20,2,1,0
BRDA:28,3,0,0
BRDA:33,4,0,2
BRDA:33,4,1,0
BRDA:34,5,0,2
BRDA:34,5,1,1
BRDA:35,6,0,2
BRDA:35,6,1,0
BRDA:36,7,0,2
BRDA:36,7,1,2
BRF:15
BRH:7
end_of_record
TN:
SF:src\redux\store.tsx
FNF:0
FNH:0
DA:1,1
DA:2,1
DA:3,1
DA:6,1
LF:4
LH:4
BRF:0
BRH:0
end_of_record
TN:
SF:src\redux\AuthSliceAndtest\authSlice.tsx
FN:12,(anonymous_0)
FN:17,(anonymous_1)
FNF:2
FNH:2
FNDA:1,(anonymous_0)
FNDA:2,(anonymous_1)
DA:1,4
DA:3,4
DA:4,4
DA:8,4
DA:13,1
DA:14,1
DA:18,2
DA:19,2
DA:24,4
DA:25,4
LF:10
LH:10
BRDA:5,0,0,0
BRDA:5,0,1,4
BRF:2
BRH:1
end_of_record
TN:
SF:src\redux\PostSliceAndtest\postSlice.tsx
FN:17,(anonymous_0)
FN:19,(anonymous_1)
FN:22,(anonymous_2)
FN:28,(anonymous_3)
FN:33,(anonymous_4)
FN:38,(anonymous_5)
FN:39,(anonymous_6)
FN:42,(anonymous_7)
FN:43,(anonymous_8)
FN:49,(anonymous_9)
FN:53,(anonymous_10)
FN:57,(anonymous_11)
FNF:12
FNH:12
FNDA:2,(anonymous_0)
FNDA:1,(anonymous_1)
FNDA:1,(anonymous_2)
FNDA:2,(anonymous_3)
FNDA:1,(anonymous_4)
FNDA:1,(anonymous_5)
FNDA:2,(anonymous_6)
FNDA:1,(anonymous_7)
FNDA:1,(anonymous_8)
FNDA:1,(anonymous_9)
FNDA:1,(anonymous_10)
FNDA:1,(anonymous_11)
DA:1,2
DA:2,2
DA:6,2
DA:13,2
DA:18,2
DA:20,1
DA:23,1
DA:24,1
DA:29,2
DA:30,2
DA:34,1
DA:35,1
DA:39,2
DA:43,1
DA:44,1
DA:45,1
DA:50,1
DA:51,1
DA:54,1
DA:55,1
DA:58,1
DA:59,1
DA:64,2
LF:23
LH:23
BRDA:35,0,0,1
BRDA:35,0,1,0
BRDA:35,1,0,1
BRDA:35,1,1,1
BRDA:44,2,0,1
BRDA:59,3,0,1
BRDA:59,3,1,0
BRDA:59,4,0,1
BRDA:59,4,1,1
BRF:9
BRH:7
end_of_record
